<?xml version="1.0" encoding="UTF-8"?>
<testng-results skipped="0" failed="0" total="1" passed="1">
  <reporter-output>
  </reporter-output>
  <suite name="Suite" duration-ms="13" started-at="2020-10-17T13:03:15Z" finished-at="2020-10-17T13:03:15Z">
    <groups>
    </groups>
    <test name="Test" duration-ms="13" started-at="2020-10-17T13:03:15Z" finished-at="2020-10-17T13:03:15Z">
      <class name="com.NewMaven.NewMaven.A">
        <test-method status="PASS" signature="aTest()" name="aTest" duration-ms="6" started-at="2020-10-17T13:03:15Z" finished-at="2020-10-17T13:03:15Z">
        </test-method>
      </class>
    </test>
  </suite>
</testng-results>
